<?xml version="1.0" encoding="UTF-8"?>
<testng-results skipped="0" failed="0" ignored="0" total="1" passed="1">
  <reporter-output>
  </reporter-output>
  <suite name="Default suite" duration-ms="19188" started-at="2020-11-21T14:49:43Z" finished-at="2020-11-21T14:50:02Z">
    <groups>
    </groups>
    <test name="Default test" duration-ms="19188" started-at="2020-11-21T14:49:43Z" finished-at="2020-11-21T14:50:02Z">
      <class name="testorg.Testing">
        <test-method status="PASS" signature="openBrowser1()[pri:0, instance:testorg.Testing@71a8adcf]" name="openBrowser1" is-config="true" duration-ms="10823" started-at="2020-11-21T20:19:43Z" finished-at="2020-11-21T20:19:54Z">
          <reporter-output>
          </reporter-output>
        </test-method> <!-- openBrowser1 -->
        <test-method status="PASS" signature="signin()[pri:0, instance:testorg.Testing@71a8adcf]" name="signin" duration-ms="8326" started-at="2020-11-21T20:19:54Z" finished-at="2020-11-21T20:20:02Z">
          <reporter-output>
          </reporter-output>
        </test-method> <!-- signin -->
      </class> <!-- testorg.Testing -->
    </test> <!-- Default test -->
  </suite> <!-- Default suite -->
</testng-results>
